  BTTVanilla.cpp
z:\user\camel\teachingcourse\quantitativefinance\改版vs\code\l6\bttvanilla\bttvanilla.cpp(10): warning C4273: 'ceil': 不一致的 DLL 連結
  c:\program files (x86)\windows kits\10\include\10.0.10240.0\ucrt\math.h(484): note: 請參閱 'ceil' 之前的定義
z:\user\camel\teachingcourse\quantitativefinance\改版vs\code\l6\bttvanilla\bttvanilla.cpp(11): warning C4273: 'floor': 不一致的 DLL 連結
  c:\program files (x86)\windows kits\10\include\10.0.10240.0\ucrt\math.h(493): note: 請參閱 'floor' 之前的定義
z:\user\camel\teachingcourse\quantitativefinance\改版vs\code\l6\bttvanilla\bttvanilla.cpp(72): warning C4996: 'fopen': This function or variable may be unsafe. Consider using fopen_s instead. To disable deprecation, use _CRT_SECURE_NO_WARNINGS. See online help for details.
  c:\program files (x86)\windows kits\10\include\10.0.10240.0\ucrt\stdio.h(205): note: 請參閱 'fopen' 的宣告
z:\user\camel\teachingcourse\quantitativefinance\改版vs\code\l6\bttvanilla\bttvanilla.cpp(74): warning C4996: 'scanf': This function or variable may be unsafe. Consider using scanf_s instead. To disable deprecation, use _CRT_SECURE_NO_WARNINGS. See online help for details.
  c:\program files (x86)\windows kits\10\include\10.0.10240.0\ucrt\stdio.h(1270): note: 請參閱 'scanf' 的宣告
z:\user\camel\teachingcourse\quantitativefinance\改版vs\code\l6\bttvanilla\bttvanilla.cpp(77): warning C4996: 'scanf': This function or variable may be unsafe. Consider using scanf_s instead. To disable deprecation, use _CRT_SECURE_NO_WARNINGS. See online help for details.
  c:\program files (x86)\windows kits\10\include\10.0.10240.0\ucrt\stdio.h(1270): note: 請參閱 'scanf' 的宣告
z:\user\camel\teachingcourse\quantitativefinance\改版vs\code\l6\bttvanilla\bttvanilla.cpp(80): warning C4996: 'scanf': This function or variable may be unsafe. Consider using scanf_s instead. To disable deprecation, use _CRT_SECURE_NO_WARNINGS. See online help for details.
  c:\program files (x86)\windows kits\10\include\10.0.10240.0\ucrt\stdio.h(1270): note: 請參閱 'scanf' 的宣告
z:\user\camel\teachingcourse\quantitativefinance\改版vs\code\l6\bttvanilla\bttvanilla.cpp(83): warning C4996: 'scanf': This function or variable may be unsafe. Consider using scanf_s instead. To disable deprecation, use _CRT_SECURE_NO_WARNINGS. See online help for details.
  c:\program files (x86)\windows kits\10\include\10.0.10240.0\ucrt\stdio.h(1270): note: 請參閱 'scanf' 的宣告
z:\user\camel\teachingcourse\quantitativefinance\改版vs\code\l6\bttvanilla\bttvanilla.cpp(86): warning C4996: 'scanf': This function or variable may be unsafe. Consider using scanf_s instead. To disable deprecation, use _CRT_SECURE_NO_WARNINGS. See online help for details.
  c:\program files (x86)\windows kits\10\include\10.0.10240.0\ucrt\stdio.h(1270): note: 請參閱 'scanf' 的宣告
z:\user\camel\teachingcourse\quantitativefinance\改版vs\code\l6\bttvanilla\bttvanilla.cpp(89): warning C4996: 'scanf': This function or variable may be unsafe. Consider using scanf_s instead. To disable deprecation, use _CRT_SECURE_NO_WARNINGS. See online help for details.
  c:\program files (x86)\windows kits\10\include\10.0.10240.0\ucrt\stdio.h(1270): note: 請參閱 'scanf' 的宣告
z:\user\camel\teachingcourse\quantitativefinance\改版vs\code\l6\bttvanilla\bttvanilla.cpp(101): warning C4996: 'scanf': This function or variable may be unsafe. Consider using scanf_s instead. To disable deprecation, use _CRT_SECURE_NO_WARNINGS. See online help for details.
  c:\program files (x86)\windows kits\10\include\10.0.10240.0\ucrt\stdio.h(1270): note: 請參閱 'scanf' 的宣告
  BTTVanilla.vcxproj -> Z:\User\camel\TeachingCourse\QuantitativeFinance\改版VS\Code\L6\BTTVanilla\Debug\BTTVanilla.exe
  BTTVanilla.vcxproj -> Z:\User\camel\TeachingCourse\QuantitativeFinance\改版VS\Code\L6\BTTVanilla\Debug\BTTVanilla.pdb (Full PDB)
